Build started 19.10.2016 17:11:14.
     1>Project "C:\Dokumente und Einstellungen\Hypertext\Desktop\MTA\MTA_Uebung1\MTA_Uebung1\MTA_Uebung1.vcxproj" on node 2 (build target(s)).
     1>PrepareForBuild:
         Creating directory "C:\Dokumente und Einstellungen\Hypertext\Desktop\MTA\MTA_Uebung1\Debug\".
       InitializeBuildStatus:
         Creating "Debug\MTA_Uebung1.unsuccessfulbuild" because "AlwaysCreate" was specified.
       ClCompile:
         C:\Programme\Microsoft Visual Studio 10.0\VC\bin\CL.exe /c /ZI /nologo /W3 /WX- /Od /Oy- /D _MBCS /Gm /EHsc /RTC1 /MDd /GS /fp:precise /Zc:wchar_t /Zc:forScope /Fo"Debug\\" /Fd"Debug\vc100.pdb" /Gd /TC /analyze- /errorReport:prompt ..\..\io_func.c ..\..\wave_io.c
         wave_io.c
     1>c:\dokumente und einstellungen\hypertext\desktop\mta\wave_io.c(33): warning C4996: 'strcpy': This function or variable may be unsafe. Consider using strcpy_s instead. To disable deprecation, use _CRT_SECURE_NO_WARNINGS. See online help for details.
                 c:\programme\microsoft visual studio 10.0\vc\include\string.h(105) : see declaration of 'strcpy'
     1>c:\dokumente und einstellungen\hypertext\desktop\mta\wave_io.c(39): warning C4996: 'strcpy': This function or variable may be unsafe. Consider using strcpy_s instead. To disable deprecation, use _CRT_SECURE_NO_WARNINGS. See online help for details.
                 c:\programme\microsoft visual studio 10.0\vc\include\string.h(105) : see declaration of 'strcpy'
         io_func.c
     1>c:\dokumente und einstellungen\hypertext\desktop\mta\io_func.c(23): warning C4996: 'fopen': This function or variable may be unsafe. Consider using fopen_s instead. To disable deprecation, use _CRT_SECURE_NO_WARNINGS. See online help for details.
                 c:\programme\microsoft visual studio 10.0\vc\include\stdio.h(234) : see declaration of 'fopen'
     1>c:\dokumente und einstellungen\hypertext\desktop\mta\io_func.c(60): warning C4996: 'fopen': This function or variable may be unsafe. Consider using fopen_s instead. To disable deprecation, use _CRT_SECURE_NO_WARNINGS. See online help for details.
                 c:\programme\microsoft visual studio 10.0\vc\include\stdio.h(234) : see declaration of 'fopen'
     1>c:\dokumente und einstellungen\hypertext\desktop\mta\io_func.c(116): warning C4996: 'sprintf': This function or variable may be unsafe. Consider using sprintf_s instead. To disable deprecation, use _CRT_SECURE_NO_WARNINGS. See online help for details.
                 c:\programme\microsoft visual studio 10.0\vc\include\stdio.h(371) : see declaration of 'sprintf'
         Generating Code...
       Link:
         C:\Programme\Microsoft Visual Studio 10.0\VC\bin\link.exe /ERRORREPORT:PROMPT /OUT:"C:\Dokumente und Einstellungen\Hypertext\Desktop\MTA\MTA_Uebung1\Debug\MTA_Uebung1.exe" /NOLOGO kernel32.lib user32.lib gdi32.lib winspool.lib comdlg32.lib advapi32.lib shell32.lib ole32.lib oleaut32.lib uuid.lib odbc32.lib odbccp32.lib /MANIFEST /ManifestFile:"Debug\MTA_Uebung1.exe.intermediate.manifest" /MANIFESTUAC:"level='asInvoker' uiAccess='false'" /DEBUG /PDB:"C:\Dokumente und Einstellungen\Hypertext\Desktop\MTA\MTA_Uebung1\Debug\MTA_Uebung1.pdb" /TLBID:1 /DYNAMICBASE /NXCOMPAT /IMPLIB:"C:\Dokumente und Einstellungen\Hypertext\Desktop\MTA\MTA_Uebung1\Debug\MTA_Uebung1.lib" /MACHINE:X86 Debug\io_func.obj
         Debug\wave_io.obj
         MTA_Uebung1.vcxproj -> C:\Dokumente und Einstellungen\Hypertext\Desktop\MTA\MTA_Uebung1\Debug\MTA_Uebung1.exe
       Manifest:
         C:\Programme\Microsoft SDKs\Windows\v7.0A\bin\mt.exe /nologo /verbose /outputresource:"C:\Dokumente und Einstellungen\Hypertext\Desktop\MTA\MTA_Uebung1\Debug\MTA_Uebung1.exe;#1" /manifest Debug\MTA_Uebung1.exe.intermediate.manifest
       FinalizeBuildStatus:
         Deleting file "Debug\MTA_Uebung1.unsuccessfulbuild".
         Touching "Debug\MTA_Uebung1.lastbuildstate".
     1>Done Building Project "C:\Dokumente und Einstellungen\Hypertext\Desktop\MTA\MTA_Uebung1\MTA_Uebung1\MTA_Uebung1.vcxproj" (build target(s)).

Build succeeded.

Time Elapsed 00:00:01.40
